# JRE version: OpenJDK Runtime Environment Temurin-21.0.9+10 (21.0.9+10) (build 21.0.9+10-LTS)
# Java VM: OpenJDK 64-Bit Server VM Temurin-21.0.9+10 (21.0.9+10-LTS, mixed mode, sharing, tiered, compressed oops, compressed class ptrs, parallel gc, windows-amd64)
GC Precious Log:
 CardTable entry size: 512
 CPUs: 4 total, 4 available
 Memory: 8134M
 Large Page Support: Disabled
 NUMA Support: Disabled
 Compressed Oops: Enabled (32-bit)
 Alignments: Space 512K, Generation 512K, Heap 2M
 Heap Min Capacity: 100M
 Heap Initial Capacity: 100M
 Heap Max Capacity: 2G
 Pre-touch: Disabled
 Parallel Workers: 4
Heap:
 PSYoungGen      total 24064K, used 17809K [0x00000000d5580000, 0x00000000d7700000, 0x0000000100000000)
  eden space 13824K, 57% used [0x00000000d5580000,0x00000000d5d4c4e0,0x00000000d6300000)
  from space 10240K, 95% used [0x00000000d6680000,0x00000000d7018000,0x00000000d7080000)
  to   space 6656K, 0% used [0x00000000d7080000,0x00000000d7080000,0x00000000d7700000)
 ParOldGen       total 120320K, used 120307K [0x0000000080000000, 0x0000000087580000, 0x00000000d5580000)
  object space 120320K, 99% used [0x0000000080000000,0x000000008757cda0,0x0000000087580000)
 Metaspace       used 64956K, committed 66368K, reserved 1114112K
  class space    used 7022K, committed 7616K, reserved 1048576K
GC Heap History (20 events):
Event: 39.680 GC heap before
{Heap before GC invocations=41 (full 3):
 PSYoungGen      total 17408K, used 16480K [0x00000000d5580000, 0x00000000d6980000, 0x0000000100000000)
  eden space 16384K, 100% used [0x00000000d5580000,0x00000000d6580000,0x00000000d6580000)
  from space 1024K, 9% used [0x00000000d6780000,0x00000000d6798000,0x00000000d6880000)
  to   space 512K, 0% used [0x00000000d6900000,0x00000000d6900000,0x00000000d6980000)
 ParOldGen       total 68608K, used 41751K [0x0000000080000000, 0x0000000084300000, 0x00000000d5580000)
  object space 68608K, 60% used [0x0000000080000000,0x00000000828c5c30,0x0000000084300000)
 Metaspace       used 60707K, committed 62016K, reserved 1114112K
  class space    used 6570K, committed 7104K, reserved 1048576K
}
Event: 39.680 GC heap after
{Heap after GC invocations=41 (full 3):
 PSYoungGen      total 16896K, used 128K [0x00000000d5580000, 0x00000000d6980000, 0x0000000100000000)
  eden space 16384K, 0% used [0x00000000d5580000,0x00000000d5580000,0x00000000d6580000)
  from space 512K, 25% used [0x00000000d6900000,0x00000000d6920000,0x00000000d6980000)
  to   space 512K, 0% used [0x00000000d6880000,0x00000000d6880000,0x00000000d6900000)
 ParOldGen       total 68608K, used 41767K [0x0000000080000000, 0x0000000084300000, 0x00000000d5580000)
  object space 68608K, 60% used [0x0000000080000000,0x00000000828c9c30,0x0000000084300000)
 Metaspace       used 60707K, committed 62016K, reserved 1114112K
  class space    used 6570K, committed 7104K, reserved 1048576K
}
Event: 39.979 GC heap before
{Heap before GC invocations=42 (full 3):
 PSYoungGen      total 16896K, used 16512K [0x00000000d5580000, 0x00000000d6980000, 0x0000000100000000)
  eden space 16384K, 100% used [0x00000000d5580000,0x00000000d6580000,0x00000000d6580000)
  from space 512K, 25% used [0x00000000d6900000,0x00000000d6920000,0x00000000d6980000)
  to   space 512K, 0% used [0x00000000d6880000,0x00000000d6880000,0x00000000d6900000)
 ParOldGen       total 68608K, used 41767K [0x0000000080000000, 0x0000000084300000, 0x00000000d5580000)
  object space 68608K, 60% used [0x0000000080000000,0x00000000828c9c30,0x0000000084300000)
 Metaspace       used 60709K, committed 62016K, reserved 1114112K
  class space    used 6570K, committed 7104K, reserved 1048576K
}
Event: 39.979 GC heap after
{Heap after GC invocations=42 (full 3):
 PSYoungGen      total 16896K, used 96K [0x00000000d5580000, 0x00000000d6980000, 0x0000000100000000)
  eden space 16384K, 0% used [0x00000000d5580000,0x00000000d5580000,0x00000000d6580000)
  from space 512K, 18% used [0x00000000d6880000,0x00000000d6898000,0x00000000d6900000)
  to   space 512K, 0% used [0x00000000d6900000,0x00000000d6900000,0x00000000d6980000)
 ParOldGen       total 68608K, used 41791K [0x0000000080000000, 0x0000000084300000, 0x00000000d5580000)
  object space 68608K, 60% used [0x0000000080000000,0x00000000828cfc30,0x0000000084300000)
 Metaspace       used 60709K, committed 62016K, reserved 1114112K
  class space    used 6570K, committed 7104K, reserved 1048576K
}
Event: 40.334 GC heap before
{Heap before GC invocations=43 (full 3):
 PSYoungGen      total 16896K, used 16480K [0x00000000d5580000, 0x00000000d6980000, 0x0000000100000000)
  eden space 16384K, 100% used [0x00000000d5580000,0x00000000d6580000,0x00000000d6580000)
  from space 512K, 18% used [0x00000000d6880000,0x00000000d6898000,0x00000000d6900000)
  to   space 512K, 0% used [0x00000000d6900000,0x00000000d6900000,0x00000000d6980000)
 ParOldGen       total 68608K, used 41791K [0x0000000080000000, 0x0000000084300000, 0x00000000d5580000)
  object space 68608K, 60% used [0x0000000080000000,0x00000000828cfc30,0x0000000084300000)
 Metaspace       used 60790K, committed 62080K, reserved 1114112K
  class space    used 6573K, committed 7104K, reserved 1048576K
}
Event: 40.336 GC heap after
{Heap after GC invocations=43 (full 3):
 PSYoungGen      total 16896K, used 512K [0x00000000d5580000, 0x00000000d6980000, 0x0000000100000000)
  eden space 16384K, 0% used [0x00000000d5580000,0x00000000d5580000,0x00000000d6580000)
  from space 512K, 100% used [0x00000000d6900000,0x00000000d6980000,0x00000000d6980000)
  to   space 2048K, 0% used [0x00000000d6580000,0x00000000d6580000,0x00000000d6780000)
 ParOldGen       total 68608K, used 42959K [0x0000000080000000, 0x0000000084300000, 0x00000000d5580000)
  object space 68608K, 62% used [0x0000000080000000,0x00000000829f3c30,0x0000000084300000)
 Metaspace       used 60790K, committed 62080K, reserved 1114112K
  class space    used 6573K, committed 7104K, reserved 1048576K
}
Event: 40.689 GC heap before
{Heap before GC invocations=44 (full 3):
 PSYoungGen      total 16896K, used 16896K [0x00000000d5580000, 0x00000000d6980000, 0x0000000100000000)
  eden space 16384K, 100% used [0x00000000d5580000,0x00000000d6580000,0x00000000d6580000)
  from space 512K, 100% used [0x00000000d6900000,0x00000000d6980000,0x00000000d6980000)
  to   space 2048K, 0% used [0x00000000d6580000,0x00000000d6580000,0x00000000d6780000)
 ParOldGen       total 68608K, used 42959K [0x0000000080000000, 0x0000000084300000, 0x00000000d5580000)
  object space 68608K, 62% used [0x0000000080000000,0x00000000829f3c30,0x0000000084300000)
 Metaspace       used 62025K, committed 63360K, reserved 1114112K
  class space    used 6698K, committed 7296K, reserved 1048576K
}
Event: 40.691 GC heap after
{Heap after GC invocations=44 (full 3):
 PSYoungGen      total 18432K, used 1152K [0x00000000d5580000, 0x00000000d6980000, 0x0000000100000000)
  eden space 16384K, 0% used [0x00000000d5580000,0x00000000d5580000,0x00000000d6580000)
  from space 2048K, 56% used [0x00000000d6580000,0x00000000d66a0020,0x00000000d6780000)
  to   space 1536K, 0% used [0x00000000d6800000,0x00000000d6800000,0x00000000d6980000)
 ParOldGen       total 68608K, used 43487K [0x0000000080000000, 0x0000000084300000, 0x00000000d5580000)
  object space 68608K, 63% used [0x0000000080000000,0x0000000082a77c30,0x0000000084300000)
 Metaspace       used 62025K, committed 63360K, reserved 1114112K
  class space    used 6698K, committed 7296K, reserved 1048576K
}
Event: 41.148 GC heap before
{Heap before GC invocations=45 (full 3):
 PSYoungGen      total 18432K, used 17536K [0x00000000d5580000, 0x00000000d6980000, 0x0000000100000000)
  eden space 16384K, 100% used [0x00000000d5580000,0x00000000d6580000,0x00000000d6580000)
  from space 2048K, 56% used [0x00000000d6580000,0x00000000d66a0020,0x00000000d6780000)
  to   space 1536K, 0% used [0x00000000d6800000,0x00000000d6800000,0x00000000d6980000)
 ParOldGen       total 68608K, used 43487K [0x0000000080000000, 0x0000000084300000, 0x00000000d5580000)
  object space 68608K, 63% used [0x0000000080000000,0x0000000082a77c30,0x0000000084300000)
 Metaspace       used 63690K, committed 64960K, reserved 1114112K
  class space    used 6885K, committed 7424K, reserved 1048576K
}
Event: 41.150 GC heap after
{Heap after GC invocations=45 (full 3):
 PSYoungGen      total 15360K, used 1525K [0x00000000d5580000, 0x00000000d6f80000, 0x0000000100000000)
  eden space 13824K, 0% used [0x00000000d5580000,0x00000000d5580000,0x00000000d6300000)
  from space 1536K, 99% used [0x00000000d6800000,0x00000000d697d710,0x00000000d6980000)
  to   space 5120K, 0% used [0x00000000d6300000,0x00000000d6300000,0x00000000d6800000)
 ParOldGen       total 68608K, used 46169K [0x0000000080000000, 0x0000000084300000, 0x00000000d5580000)
  object space 68608K, 67% used [0x0000000080000000,0x0000000082d16470,0x0000000084300000)
 Metaspace       used 63690K, committed 64960K, reserved 1114112K
  class space    used 6885K, committed 7424K, reserved 1048576K
}
Event: 41.669 GC heap before
{Heap before GC invocations=46 (full 3):
 PSYoungGen      total 15360K, used 14924K [0x00000000d5580000, 0x00000000d6f80000, 0x0000000100000000)
  eden space 13824K, 96% used [0x00000000d5580000,0x00000000d6295a58,0x00000000d6300000)
  from space 1536K, 99% used [0x00000000d6800000,0x00000000d697d710,0x00000000d6980000)
  to   space 5120K, 0% used [0x00000000d6300000,0x00000000d6300000,0x00000000d6800000)
 ParOldGen       total 68608K, used 46169K [0x0000000080000000, 0x0000000084300000, 0x00000000d5580000)
  object space 68608K, 67% used [0x0000000080000000,0x0000000082d16470,0x0000000084300000)
 Metaspace       used 64466K, committed 65920K, reserved 1114112K
  class space    used 6982K, committed 7616K, reserved 1048576K
}
Event: 41.672 GC heap after
{Heap after GC invocations=46 (full 3):
 PSYoungGen      total 18944K, used 4947K [0x00000000d5580000, 0x00000000d6e00000, 0x0000000100000000)
  eden space 13824K, 0% used [0x00000000d5580000,0x00000000d5580000,0x00000000d6300000)
  from space 5120K, 96% used [0x00000000d6300000,0x00000000d67d4ce0,0x00000000d6800000)
  to   space 5632K, 0% used [0x00000000d6880000,0x00000000d6880000,0x00000000d6e00000)
 ParOldGen       total 68608K, used 47590K [0x0000000080000000, 0x0000000084300000, 0x00000000d5580000)
  object space 68608K, 69% used [0x0000000080000000,0x0000000082e79b18,0x0000000084300000)
 Metaspace       used 64466K, committed 65920K, reserved 1114112K
  class space    used 6982K, committed 7616K, reserved 1048576K
}
Event: 41.992 GC heap before
{Heap before GC invocations=47 (full 3):
 PSYoungGen      total 18944K, used 18771K [0x00000000d5580000, 0x00000000d6e00000, 0x0000000100000000)
  eden space 13824K, 100% used [0x00000000d5580000,0x00000000d6300000,0x00000000d6300000)
  from space 5120K, 96% used [0x00000000d6300000,0x00000000d67d4ce0,0x00000000d6800000)
  to   space 5632K, 0% used [0x00000000d6880000,0x00000000d6880000,0x00000000d6e00000)
 ParOldGen       total 95232K, used 92589K [0x0000000080000000, 0x0000000085d00000, 0x00000000d5580000)
  object space 95232K, 97% used [0x0000000080000000,0x0000000085a6b678,0x0000000085d00000)
 Metaspace       used 64501K, committed 65920K, reserved 1114112K
  class space    used 6986K, committed 7616K, reserved 1048576K
}
Event: 41.996 GC heap after
{Heap after GC invocations=47 (full 3):
 PSYoungGen      total 18432K, used 4512K [0x00000000d5580000, 0x00000000d6d00000, 0x0000000100000000)
  eden space 13824K, 0% used [0x00000000d5580000,0x00000000d5580000,0x00000000d6300000)
  from space 4608K, 97% used [0x00000000d6880000,0x00000000d6ce8000,0x00000000d6d00000)
  to   space 5120K, 0% used [0x00000000d6300000,0x00000000d6300000,0x00000000d6800000)
 ParOldGen       total 96768K, used 95892K [0x0000000080000000, 0x0000000085e80000, 0x00000000d5580000)
  object space 96768K, 99% used [0x0000000080000000,0x0000000085da5360,0x0000000085e80000)
 Metaspace       used 64501K, committed 65920K, reserved 1114112K
  class space    used 6986K, committed 7616K, reserved 1048576K
}
Event: 42.018 GC heap before
{Heap before GC invocations=48 (full 3):
 PSYoungGen      total 18432K, used 18336K [0x00000000d5580000, 0x00000000d6d00000, 0x0000000100000000)
  eden space 13824K, 100% used [0x00000000d5580000,0x00000000d6300000,0x00000000d6300000)
  from space 4608K, 97% used [0x00000000d6880000,0x00000000d6ce8000,0x00000000d6d00000)
  to   space 5120K, 0% used [0x00000000d6300000,0x00000000d6300000,0x00000000d6800000)
 ParOldGen       total 96768K, used 95892K [0x0000000080000000, 0x0000000085e80000, 0x00000000d5580000)
  object space 96768K, 99% used [0x0000000080000000,0x0000000085da5360,0x0000000085e80000)
 Metaspace       used 64501K, committed 65920K, reserved 1114112K
  class space    used 6986K, committed 7616K, reserved 1048576K
}
Event: 42.027 GC heap after
{Heap after GC invocations=48 (full 3):
 PSYoungGen      total 18944K, used 5120K [0x00000000d5580000, 0x00000000d8500000, 0x0000000100000000)
  eden space 13824K, 0% used [0x00000000d5580000,0x00000000d5580000,0x00000000d6300000)
  from space 5120K, 100% used [0x00000000d6300000,0x00000000d6800000,0x00000000d6800000)
  to   space 17408K, 0% used [0x00000000d7400000,0x00000000d7400000,0x00000000d8500000)
 ParOldGen       total 105984K, used 105884K [0x0000000080000000, 0x0000000086780000, 0x00000000d5580000)
  object space 105984K, 99% used [0x0000000080000000,0x0000000086767360,0x0000000086780000)
 Metaspace       used 64501K, committed 65920K, reserved 1114112K
  class space    used 6986K, committed 7616K, reserved 1048576K
}
Event: 42.115 GC heap before
{Heap before GC invocations=49 (full 3):
 PSYoungGen      total 18944K, used 18944K [0x00000000d5580000, 0x00000000d8500000, 0x0000000100000000)
  eden space 13824K, 100% used [0x00000000d5580000,0x00000000d6300000,0x00000000d6300000)
  from space 5120K, 100% used [0x00000000d6300000,0x00000000d6800000,0x00000000d6800000)
  to   space 17408K, 0% used [0x00000000d7400000,0x00000000d7400000,0x00000000d8500000)
 ParOldGen       total 105984K, used 105884K [0x0000000080000000, 0x0000000086780000, 0x00000000d5580000)
  object space 105984K, 99% used [0x0000000080000000,0x0000000086767360,0x0000000086780000)
 Metaspace       used 64568K, committed 65984K, reserved 1114112K
  class space    used 6990K, committed 7616K, reserved 1048576K
}
Event: 42.124 GC heap after
{Heap after GC invocations=49 (full 3):
 PSYoungGen      total 23552K, used 9632K [0x00000000d5580000, 0x00000000d7d80000, 0x0000000100000000)
  eden space 13824K, 0% used [0x00000000d5580000,0x00000000d5580000,0x00000000d6300000)
  from space 9728K, 99% used [0x00000000d7400000,0x00000000d7d68000,0x00000000d7d80000)
  to   space 11776K, 0% used [0x00000000d6680000,0x00000000d6680000,0x00000000d7200000)
 ParOldGen       total 111104K, used 111028K [0x0000000080000000, 0x0000000086c80000, 0x00000000d5580000)
  object space 111104K, 99% used [0x0000000080000000,0x0000000086c6d360,0x0000000086c80000)
 Metaspace       used 64568K, committed 65984K, reserved 1114112K
  class space    used 6990K, committed 7616K, reserved 1048576K
}
Event: 42.167 GC heap before
{Heap before GC invocations=50 (full 3):
 PSYoungGen      total 23552K, used 23456K [0x00000000d5580000, 0x00000000d7d80000, 0x0000000100000000)
  eden space 13824K, 100% used [0x00000000d5580000,0x00000000d6300000,0x00000000d6300000)
  from space 9728K, 99% used [0x00000000d7400000,0x00000000d7d68000,0x00000000d7d80000)
  to   space 11776K, 0% used [0x00000000d6680000,0x00000000d6680000,0x00000000d7200000)
 ParOldGen       total 111104K, used 111028K [0x0000000080000000, 0x0000000086c80000, 0x00000000d5580000)
  object space 111104K, 99% used [0x0000000080000000,0x0000000086c6d360,0x0000000086c80000)
 Metaspace       used 64599K, committed 65984K, reserved 1114112K
  class space    used 6992K, committed 7616K, reserved 1048576K
}
Event: 42.180 GC heap after
{Heap after GC invocations=50 (full 3):
 PSYoungGen      total 24064K, used 9824K [0x00000000d5580000, 0x00000000d7700000, 0x0000000100000000)
  eden space 13824K, 0% used [0x00000000d5580000,0x00000000d5580000,0x00000000d6300000)
  from space 10240K, 95% used [0x00000000d6680000,0x00000000d7018000,0x00000000d7080000)
  to   space 6656K, 0% used [0x00000000d7080000,0x00000000d7080000,0x00000000d7700000)
 ParOldGen       total 120320K, used 120307K [0x0000000080000000, 0x0000000087580000, 0x00000000d5580000)
  object space 120320K, 99% used [0x0000000080000000,0x000000008757cda0,0x0000000087580000)
 Metaspace       used 64599K, committed 65984K, reserved 1114112K
  class space    used 6992K, committed 7616K, reserved 1048576K
}

